0 info it worked if it ends with ok
1 verbose cli [ 'node',
1 verbose cli   '/usr/local/bin/npm',
1 verbose cli   'install',
1 verbose cli   '--save',
1 verbose cli   'underscorejs' ]
2 info using npm@1.4.28
3 info using node@v0.10.33
4 verbose readDependencies using package.json deps
5 verbose cache add [ 'underscorejs', null ]
6 verbose cache add name=undefined spec="underscorejs" args=["underscorejs",null]
7 verbose parsed url { protocol: null,
7 verbose parsed url   slashes: null,
7 verbose parsed url   auth: null,
7 verbose parsed url   host: null,
7 verbose parsed url   port: null,
7 verbose parsed url   hostname: null,
7 verbose parsed url   hash: null,
7 verbose parsed url   search: null,
7 verbose parsed url   query: null,
7 verbose parsed url   pathname: 'underscorejs',
7 verbose parsed url   path: 'underscorejs',
7 verbose parsed url   href: 'underscorejs' }
8 silly lockFile 77814e2b-underscorejs underscorejs
9 verbose lock underscorejs /Users/cianclarke/.npm/77814e2b-underscorejs.lock
10 silly lockFile 77814e2b-underscorejs underscorejs
11 silly lockFile 77814e2b-underscorejs underscorejs
12 verbose addNamed [ 'underscorejs', '' ]
13 verbose addNamed [ null, '*' ]
14 silly lockFile 3b39d02b-underscorejs underscorejs@
15 verbose lock underscorejs@ /Users/cianclarke/.npm/3b39d02b-underscorejs.lock
16 silly addNameRange { name: 'underscorejs', range: '*', hasData: false }
17 verbose request where is /underscorejs
18 verbose request registry http://registry.npmjs.org/
19 verbose request id 7f9353eb8395595c
20 verbose url raw /underscorejs
21 verbose url resolving [ 'http://registry.npmjs.org/', './underscorejs' ]
22 verbose url resolved http://registry.npmjs.org/underscorejs
23 verbose request where is http://registry.npmjs.org/underscorejs
24 info trying registry request attempt 1 at 12:39:03
25 http GET http://registry.npmjs.org/underscorejs
26 http 404 http://registry.npmjs.org/underscorejs
27 verbose headers { server: 'CouchDB/1.5.0 (Erlang OTP/R16B03)',
27 verbose headers   'content-type': 'application/json',
27 verbose headers   'cache-control': 'max-age=0',
27 verbose headers   'content-length': '52',
27 verbose headers   'accept-ranges': 'bytes',
27 verbose headers   date: 'Tue, 20 Jan 2015 17:39:03 GMT',
27 verbose headers   via: '1.1 varnish',
27 verbose headers   age: '0',
27 verbose headers   connection: 'keep-alive',
27 verbose headers   'x-served-by': 'cache-atl6220-ATL',
27 verbose headers   'x-cache': 'MISS',
27 verbose headers   'x-cache-hits': '0',
27 verbose headers   'x-timer': 'S1421775543.363336,VS0,VE76' }
28 silly registry.get cb [ 404,
28 silly registry.get   { server: 'CouchDB/1.5.0 (Erlang OTP/R16B03)',
28 silly registry.get     'content-type': 'application/json',
28 silly registry.get     'cache-control': 'max-age=0',
28 silly registry.get     'content-length': '52',
28 silly registry.get     'accept-ranges': 'bytes',
28 silly registry.get     date: 'Tue, 20 Jan 2015 17:39:03 GMT',
28 silly registry.get     via: '1.1 varnish',
28 silly registry.get     age: '0',
28 silly registry.get     connection: 'keep-alive',
28 silly registry.get     'x-served-by': 'cache-atl6220-ATL',
28 silly registry.get     'x-cache': 'MISS',
28 silly registry.get     'x-cache-hits': '0',
28 silly registry.get     'x-timer': 'S1421775543.363336,VS0,VE76' } ]
29 silly lockFile 3b39d02b-underscorejs underscorejs@
30 silly lockFile 3b39d02b-underscorejs underscorejs@
31 error 404 404 Not Found: underscorejs
31 error 404
31 error 404 'underscorejs' is not in the npm registry.
31 error 404 You should bug the author to publish it
31 error 404 It was specified as a dependency of 'feedhenry-cartridge'
31 error 404
31 error 404 Note that you can also install from a
31 error 404 tarball, folder, or http url, or git url.
32 error System Darwin 14.0.0
33 error command "node" "/usr/local/bin/npm" "install" "--save" "underscorejs"
34 error cwd /Users/cianclarke/workspace/feedhenry-cartridge
35 error node -v v0.10.33
36 error npm -v 1.4.28
37 error code E404
38 verbose exit [ 1, true ]
